# JRE version: OpenJDK Runtime Environment (11.0.11+9) (build 11.0.11+9-b60-7590822)
# Java VM: OpenJDK 64-Bit Server VM (11.0.11+9-b60-7590822, mixed mode, tiered, compressed oops, g1 gc, windows-amd64)
Heap:
 garbage-first heap   total 262144K, used 145238K [0x0000000080000000, 0x0000000100000000)
  region size 1024K, 94 young (96256K), 19 survivors (19456K)
 Metaspace       used 60886K, capacity 62704K, committed 62792K, reserved 1103872K
  class space    used 7779K, capacity 8417K, committed 8448K, reserved 1048576K
GC Heap History (12 events):
Event: 0.577 GC heap before
{Heap before GC invocations=0 (full 0):
 garbage-first heap   total 262144K, used 29696K [0x0000000080000000, 0x0000000100000000)
  region size 1024K, 24 young (24576K), 0 survivors (0K)
 Metaspace       used 9877K, capacity 10114K, committed 10368K, reserved 1058816K
  class space    used 1028K, capacity 1102K, committed 1152K, reserved 1048576K
}
Event: 0.594 GC heap after
{Heap after GC invocations=1 (full 0):
 garbage-first heap   total 262144K, used 9536K [0x0000000080000000, 0x0000000100000000)
  region size 1024K, 3 young (3072K), 3 survivors (3072K)
 Metaspace       used 9877K, capacity 10114K, committed 10368K, reserved 1058816K
  class space    used 1028K, capacity 1102K, committed 1152K, reserved 1048576K
}
Event: 2.256 GC heap before
{Heap before GC invocations=1 (full 0):
 garbage-first heap   total 262144K, used 106816K [0x0000000080000000, 0x0000000100000000)
  region size 1024K, 99 young (101376K), 3 survivors (3072K)
 Metaspace       used 20629K, capacity 21112K, committed 21296K, reserved 1069056K
  class space    used 2525K, capacity 2674K, committed 2688K, reserved 1048576K
}
Event: 2.263 GC heap after
{Heap after GC invocations=2 (full 0):
 garbage-first heap   total 262144K, used 17233K [0x0000000080000000, 0x0000000100000000)
  region size 1024K, 11 young (11264K), 11 survivors (11264K)
 Metaspace       used 20629K, capacity 21112K, committed 21296K, reserved 1069056K
  class space    used 2525K, capacity 2674K, committed 2688K, reserved 1048576K
}
Event: 2.554 GC heap before
{Heap before GC invocations=3 (full 0):
 garbage-first heap   total 262144K, used 62289K [0x0000000080000000, 0x0000000100000000)
  region size 1024K, 55 young (56320K), 11 survivors (11264K)
 Metaspace       used 25155K, capacity 25715K, committed 25904K, reserved 1071104K
  class space    used 3247K, capacity 3447K, committed 3456K, reserved 1048576K
}
Event: 2.559 GC heap after
{Heap after GC invocations=4 (full 0):
 garbage-first heap   total 262144K, used 18555K [0x0000000080000000, 0x0000000100000000)
  region size 1024K, 3 young (3072K), 3 survivors (3072K)
 Metaspace       used 25155K, capacity 25715K, committed 25904K, reserved 1071104K
  class space    used 3247K, capacity 3447K, committed 3456K, reserved 1048576K
}
Event: 3.211 GC heap before
{Heap before GC invocations=4 (full 0):
 garbage-first heap   total 262144K, used 110715K [0x0000000080000000, 0x0000000100000000)
  region size 1024K, 85 young (87040K), 3 survivors (3072K)
 Metaspace       used 34585K, capacity 35519K, committed 35632K, reserved 1079296K
  class space    used 4560K, capacity 4928K, committed 4992K, reserved 1048576K
}
Event: 3.219 GC heap after
{Heap after GC invocations=5 (full 0):
 garbage-first heap   total 262144K, used 35048K [0x0000000080000000, 0x0000000100000000)
  region size 1024K, 10 young (10240K), 10 survivors (10240K)
 Metaspace       used 34585K, capacity 35519K, committed 35632K, reserved 1079296K
  class space    used 4560K, capacity 4928K, committed 4992K, reserved 1048576K
}
Event: 3.986 GC heap before
{Heap before GC invocations=6 (full 0):
 garbage-first heap   total 262144K, used 152808K [0x0000000080000000, 0x0000000100000000)
  region size 1024K, 119 young (121856K), 10 survivors (10240K)
 Metaspace       used 44749K, capacity 46032K, committed 46152K, reserved 1089536K
  class space    used 5654K, capacity 6115K, committed 6144K, reserved 1048576K
}
Event: 4.001 GC heap after
{Heap after GC invocations=7 (full 0):
 garbage-first heap   total 262144K, used 47575K [0x0000000080000000, 0x0000000100000000)
  region size 1024K, 15 young (15360K), 15 survivors (15360K)
 Metaspace       used 44749K, capacity 46032K, committed 46152K, reserved 1089536K
  class space    used 5654K, capacity 6115K, committed 6144K, reserved 1048576K
}
Event: 4.775 GC heap before
{Heap before GC invocations=8 (full 0):
 garbage-first heap   total 262144K, used 192983K [0x0000000080000000, 0x0000000100000000)
  region size 1024K, 149 young (152576K), 15 survivors (15360K)
 Metaspace       used 50184K, capacity 51719K, committed 51912K, reserved 1093632K
  class space    used 6447K, capacity 6998K, committed 7040K, reserved 1048576K
}
Event: 4.786 GC heap after
{Heap after GC invocations=9 (full 0):
 garbage-first heap   total 262144K, used 69462K [0x0000000080000000, 0x0000000100000000)
  region size 1024K, 19 young (19456K), 19 survivors (19456K)
 Metaspace       used 50184K, capacity 51719K, committed 51912K, reserved 1093632K
  class space    used 6447K, capacity 6998K, committed 7040K, reserved 1048576K
}

